main\main.cpp:262:14: warning: 'fopen' is deprecated: This function or variable may be unsafe. Consider using fopen_s instead. To disable deprecation, use _CRT_SECURE_NO_WARNINGS. See online help for details. [-Wdeprecated-declarations]
  log_file = fopen(filename, "w");
             ^
C:\Program Files (x86)\Windows Kits\10\Include\10.0.22000.0\ucrt\stdio.h:212:20: note: 'fopen' has been explicitly marked deprecated here
    _Check_return_ _CRT_INSECURE_DEPRECATE(fopen_s)
                   ^
C:\Program Files (x86)\Microsoft Visual Studio\2022\BuildTools\VC\Tools\MSVC\14.39.33519\include\vcruntime.h:355:55: note: expanded from macro '_CRT_INSECURE_DEPRECATE'
        #define _CRT_INSECURE_DEPRECATE(_Replacement) _CRT_DEPRECATE_TEXT(    \
                                                      ^
C:\Program Files (x86)\Microsoft Visual Studio\2022\BuildTools\VC\Tools\MSVC\14.39.33519\include\vcruntime.h:345:47: note: expanded from macro '_CRT_DEPRECATE_TEXT'
#define _CRT_DEPRECATE_TEXT(_Text) __declspec(deprecated(_Text))
                                              ^
main\main.cpp:400:10: warning: 'fopen' is deprecated: This function or variable may be unsafe. Consider using fopen_s instead. To disable deprecation, use _CRT_SECURE_NO_WARNINGS. See online help for details. [-Wdeprecated-declarations]
    fp = fopen(filename, "w");
         ^
C:\Program Files (x86)\Windows Kits\10\Include\10.0.22000.0\ucrt\stdio.h:212:20: note: 'fopen' has been explicitly marked deprecated here
    _Check_return_ _CRT_INSECURE_DEPRECATE(fopen_s)
                   ^
C:\Program Files (x86)\Microsoft Visual Studio\2022\BuildTools\VC\Tools\MSVC\14.39.33519\include\vcruntime.h:355:55: note: expanded from macro '_CRT_INSECURE_DEPRECATE'
        #define _CRT_INSECURE_DEPRECATE(_Replacement) _CRT_DEPRECATE_TEXT(    \
                                                      ^
C:\Program Files (x86)\Microsoft Visual Studio\2022\BuildTools\VC\Tools\MSVC\14.39.33519\include\vcruntime.h:345:47: note: expanded from macro '_CRT_DEPRECATE_TEXT'
#define _CRT_DEPRECATE_TEXT(_Text) __declspec(deprecated(_Text))
                                              ^
2 warnings generated.
